<?xml version="1.0" encoding="UTF-8"?>
<Site BuildName="(empty)"
	BuildStamp="20250516-0505-Experimental"
	Name="hawxcom"
	Generator="ctest-3.22.1"
	CompilerName="/usr/bin/g++"
	CompilerVersion="11.4.0"
	OSName="Linux"
	Hostname="hawxcom"
	OSRelease="6.8.0-59-generic"
	OSVersion="#61~22.04.1-Ubuntu SMP PREEMPT_DYNAMIC Tue Apr 15 17:03:15 UTC 2"
	OSPlatform="x86_64"
	Is64Bits="1"
	VendorString="AuthenticAMD"
	VendorID="Advanced Micro Devices"
	FamilyID="25"
	ModelID="97"
	ProcessorCacheSize="1024"
	NumberOfLogicalCPU="32"
	NumberOfPhysicalCPU="16"
	TotalVirtualMemory="0"
	TotalPhysicalMemory="31295"
	LogicalProcessorsPerPhysical="2"
	ProcessorClockFrequency="4943.21"
	>
	<Testing>
		<StartDateTime>May 16 14:05 KST</StartDateTime>
		<StartTestTime>1747371942</StartTestTime>
		<TestList/>
		<EndDateTime>May 16 14:05 KST</EndDateTime>
		<EndTestTime>1747371942</EndTestTime>
		<ElapsedMinutes>0</ElapsedMinutes>
	</Testing>
</Site>
