<?xml version="1.0" encoding="UTF-8"?>
<Site BuildName="(empty)"
	BuildStamp="20250428-1215-Experimental"
	Name="hawxcom"
	Generator="ctest-3.22.1"
	CompilerName="/usr/bin/g++"
	CompilerVersion="11.4.0"
	OSName="Linux"
	Hostname="hawxcom"
	OSRelease="6.8.0-57-generic"
	OSVersion="#59~22.04.1-Ubuntu SMP PREEMPT_DYNAMIC Wed Mar 19 17:07:41 UTC 2"
	OSPlatform="x86_64"
	Is64Bits="1"
	VendorString="AuthenticAMD"
	VendorID="Advanced Micro Devices"
	FamilyID="25"
	ModelID="97"
	ProcessorCacheSize="1024"
	NumberOfLogicalCPU="32"
	NumberOfPhysicalCPU="16"
	TotalVirtualMemory="0"
	TotalPhysicalMemory="31295"
	LogicalProcessorsPerPhysical="2"
	ProcessorClockFrequency="5045.54"
	>
	<Testing>
		<StartDateTime>Apr 29 08:20 KST</StartDateTime>
		<StartTestTime>1745882424</StartTestTime>
		<TestList/>
		<EndDateTime>Apr 29 08:20 KST</EndDateTime>
		<EndTestTime>1745882424</EndTestTime>
		<ElapsedMinutes>0</ElapsedMinutes>
	</Testing>
</Site>
