<?xml version="1.0" encoding="UTF-8"?>
<Site BuildName="(empty)"
	BuildStamp="20250507-1034-Experimental"
	Name="hawxcom"
	Generator="ctest-3.22.1"
	CompilerName="/usr/bin/g++"
	CompilerVersion="11.4.0"
	OSName="Linux"
	Hostname="hawxcom"
	OSRelease="6.8.0-58-generic"
	OSVersion="#60~22.04.1-Ubuntu SMP PREEMPT_DYNAMIC Fri Mar 28 16:09:21 UTC 2"
	OSPlatform="x86_64"
	Is64Bits="1"
	VendorString="AuthenticAMD"
	VendorID="Advanced Micro Devices"
	FamilyID="25"
	ModelID="97"
	ProcessorCacheSize="1024"
	NumberOfLogicalCPU="32"
	NumberOfPhysicalCPU="16"
	TotalVirtualMemory="0"
	TotalPhysicalMemory="31295"
	LogicalProcessorsPerPhysical="2"
	ProcessorClockFrequency="4738.93"
	>
	<Testing>
		<StartDateTime>May 07 19:34 KST</StartDateTime>
		<StartTestTime>1746614084</StartTestTime>
		<TestList/>
		<EndDateTime>May 07 19:34 KST</EndDateTime>
		<EndTestTime>1746614084</EndTestTime>
		<ElapsedMinutes>0</ElapsedMinutes>
	</Testing>
</Site>
